<?xml version="1.0" encoding="UTF-8"?>
<testsuite name="Bad Test" tests="1" skipped="0" failures="0" errors="0" timestamp="2022-07-29T06:59:22" hostname="DESKTOP-JV52KDS" time="0.005">
  <properties/>
  <testcase name="저장- 제목 없음" classname="com.example.demo.CommentTest$wrong" time="0.005"/>
  <system-out><![CDATA[2022-07-29 15:59:22.558  INFO 12976 --- [    Test worker] .b.t.c.SpringBootTestContextBootstrapper : Neither @ContextConfiguration nor @ContextHierarchy found for test class [com.example.demo.CommentTest$wrong], using SpringBootContextLoader
2022-07-29 15:59:22.559  INFO 12976 --- [    Test worker] o.s.t.c.support.AbstractContextLoader    : Could not detect default resource locations for test class [com.example.demo.CommentTest$wrong]: no resource found for suffixes {-context.xml, Context.groovy}.
2022-07-29 15:59:22.559  INFO 12976 --- [    Test worker] t.c.s.AnnotationConfigContextLoaderUtils : Could not detect default configuration classes for test class [com.example.demo.CommentTest$wrong]: wrong does not declare any static, non-private, non-final, nested classes annotated with @Configuration.
2022-07-29 15:59:22.560  INFO 12976 --- [    Test worker] .b.t.c.SpringBootTestContextBootstrapper : Found @SpringBootConfiguration com.example.demo.DemoServiceApplication for test class com.example.demo.CommentTest$wrong
2022-07-29 15:59:22.561  INFO 12976 --- [    Test worker] .b.t.c.SpringBootTestContextBootstrapper : Loaded default TestExecutionListener class names from location [META-INF/spring.factories]: [org.springframework.boot.test.autoconfigure.restdocs.RestDocsTestExecutionListener, org.springframework.boot.test.autoconfigure.web.client.MockRestServiceServerResetTestExecutionListener, org.springframework.boot.test.autoconfigure.web.servlet.MockMvcPrintOnlyOnFailureTestExecutionListener, org.springframework.boot.test.autoconfigure.web.servlet.WebDriverTestExecutionListener, org.springframework.boot.test.autoconfigure.webservices.client.MockWebServiceServerTestExecutionListener, org.springframework.boot.test.mock.mockito.MockitoTestExecutionListener, org.springframework.boot.test.mock.mockito.ResetMocksTestExecutionListener, org.springframework.test.context.web.ServletTestExecutionListener, org.springframework.test.context.support.DirtiesContextBeforeModesTestExecutionListener, org.springframework.test.context.event.ApplicationEventsTestExecutionListener, org.springframework.test.context.support.DependencyInjectionTestExecutionListener, org.springframework.test.context.support.DirtiesContextTestExecutionListener, org.springframework.test.context.transaction.TransactionalTestExecutionListener, org.springframework.test.context.jdbc.SqlScriptsTestExecutionListener, org.springframework.test.context.event.EventPublishingTestExecutionListener]
2022-07-29 15:59:22.562  INFO 12976 --- [    Test worker] .b.t.c.SpringBootTestContextBootstrapper : Using TestExecutionListeners: [org.springframework.test.context.web.ServletTestExecutionListener@3436d3d7, org.springframework.test.context.support.DirtiesContextBeforeModesTestExecutionListener@3f40568e, org.springframework.test.context.event.ApplicationEventsTestExecutionListener@2e47a71e, org.springframework.boot.test.mock.mockito.MockitoTestExecutionListener@37b470df, org.springframework.boot.test.autoconfigure.SpringBootDependencyInjectionTestExecutionListener@359ea595, org.springframework.test.context.support.DirtiesContextTestExecutionListener@8d7718e, org.springframework.test.context.transaction.TransactionalTestExecutionListener@1bbb48dd, org.springframework.test.context.jdbc.SqlScriptsTestExecutionListener@f9de1fd, org.springframework.test.context.event.EventPublishingTestExecutionListener@4fef4f96, org.springframework.boot.test.autoconfigure.restdocs.RestDocsTestExecutionListener@7c871ce4, org.springframework.boot.test.autoconfigure.web.client.MockRestServiceServerResetTestExecutionListener@3d3b4e09, org.springframework.boot.test.autoconfigure.web.servlet.MockMvcPrintOnlyOnFailureTestExecutionListener@5dc9d25a, org.springframework.boot.test.autoconfigure.web.servlet.WebDriverTestExecutionListener@686fb58a, org.springframework.boot.test.autoconfigure.webservices.client.MockWebServiceServerTestExecutionListener@2c4be45f, org.springframework.boot.test.mock.mockito.ResetMocksTestExecutionListener@4be7acd9]
Hibernate: select board0_.`id` as id1_0_0_, board0_.`created_at` as created_2_0_0_, board0_.`modified_at` as modified3_0_0_, board0_.`content` as content4_0_0_, board0_.`title` as title5_0_0_, board0_.`writer` as writer6_0_0_ from `board` board0_ where board0_.`id`=?
]]></system-out>
  <system-err><![CDATA[]]></system-err>
</testsuite>
