<?xml version="1.0" encoding="UTF-8"?>
<testsuite name="com.example.demo.BoardTest" tests="2" skipped="0" failures="0" errors="0" timestamp="2022-07-29T06:59:22" hostname="DESKTOP-JV52KDS" time="0.402">
  <properties/>
  <testcase name="게시글 저장" classname="com.example.demo.BoardTest" time="0.381"/>
  <testcase name="게시글 수정" classname="com.example.demo.BoardTest" time="0.02"/>
  <system-out><![CDATA[15:59:16.872 [Test worker] DEBUG org.springframework.test.context.BootstrapUtils - Instantiating CacheAwareContextLoaderDelegate from class [org.springframework.test.context.cache.DefaultCacheAwareContextLoaderDelegate]
15:59:16.884 [Test worker] DEBUG org.springframework.test.context.BootstrapUtils - Instantiating BootstrapContext using constructor [public org.springframework.test.context.support.DefaultBootstrapContext(java.lang.Class,org.springframework.test.context.CacheAwareContextLoaderDelegate)]
15:59:16.916 [Test worker] DEBUG org.springframework.test.context.BootstrapUtils - Instantiating TestContextBootstrapper for test class [com.example.demo.BoardTest] from class [org.springframework.boot.test.context.SpringBootTestContextBootstrapper]
15:59:16.928 [Test worker] INFO org.springframework.boot.test.context.SpringBootTestContextBootstrapper - Neither @ContextConfiguration nor @ContextHierarchy found for test class [com.example.demo.BoardTest], using SpringBootContextLoader
15:59:16.932 [Test worker] DEBUG org.springframework.test.context.support.AbstractContextLoader - Did not detect default resource location for test class [com.example.demo.BoardTest]: class path resource [com/example/demo/BoardTest-context.xml] does not exist
15:59:16.933 [Test worker] DEBUG org.springframework.test.context.support.AbstractContextLoader - Did not detect default resource location for test class [com.example.demo.BoardTest]: class path resource [com/example/demo/BoardTestContext.groovy] does not exist
15:59:16.933 [Test worker] INFO org.springframework.test.context.support.AbstractContextLoader - Could not detect default resource locations for test class [com.example.demo.BoardTest]: no resource found for suffixes {-context.xml, Context.groovy}.
15:59:16.934 [Test worker] DEBUG org.springframework.test.context.support.AnnotationConfigContextLoaderUtils - Ignoring class [com.example.demo.BoardTest$wrong]; it must be static, non-private, non-final, and annotated with @Configuration to be considered a default configuration class.
15:59:16.934 [Test worker] INFO org.springframework.test.context.support.AnnotationConfigContextLoaderUtils - Could not detect default configuration classes for test class [com.example.demo.BoardTest]: BoardTest does not declare any static, non-private, non-final, nested classes annotated with @Configuration.
15:59:16.976 [Test worker] DEBUG org.springframework.test.context.support.ActiveProfilesUtils - Could not find an 'annotation declaring class' for annotation type [org.springframework.test.context.ActiveProfiles] and class [com.example.demo.BoardTest]
15:59:17.038 [Test worker] DEBUG org.springframework.context.annotation.ClassPathScanningCandidateComponentProvider - Identified candidate component class: file [C:\Users\DESKTOP-03\OneDrive\문서\Board\demo\demo.service\build\classes\java\main\com\example\demo\DemoServiceApplication.class]
15:59:17.041 [Test worker] INFO org.springframework.boot.test.context.SpringBootTestContextBootstrapper - Found @SpringBootConfiguration com.example.demo.DemoServiceApplication for test class com.example.demo.BoardTest
15:59:17.145 [Test worker] DEBUG org.springframework.boot.test.context.SpringBootTestContextBootstrapper - @TestExecutionListeners is not present for class [com.example.demo.BoardTest]: using defaults.
15:59:17.145 [Test worker] INFO org.springframework.boot.test.context.SpringBootTestContextBootstrapper - Loaded default TestExecutionListener class names from location [META-INF/spring.factories]: [org.springframework.boot.test.autoconfigure.restdocs.RestDocsTestExecutionListener, org.springframework.boot.test.autoconfigure.web.client.MockRestServiceServerResetTestExecutionListener, org.springframework.boot.test.autoconfigure.web.servlet.MockMvcPrintOnlyOnFailureTestExecutionListener, org.springframework.boot.test.autoconfigure.web.servlet.WebDriverTestExecutionListener, org.springframework.boot.test.autoconfigure.webservices.client.MockWebServiceServerTestExecutionListener, org.springframework.boot.test.mock.mockito.MockitoTestExecutionListener, org.springframework.boot.test.mock.mockito.ResetMocksTestExecutionListener, org.springframework.test.context.web.ServletTestExecutionListener, org.springframework.test.context.support.DirtiesContextBeforeModesTestExecutionListener, org.springframework.test.context.event.ApplicationEventsTestExecutionListener, org.springframework.test.context.support.DependencyInjectionTestExecutionListener, org.springframework.test.context.support.DirtiesContextTestExecutionListener, org.springframework.test.context.transaction.TransactionalTestExecutionListener, org.springframework.test.context.jdbc.SqlScriptsTestExecutionListener, org.springframework.test.context.event.EventPublishingTestExecutionListener]
15:59:17.166 [Test worker] INFO org.springframework.boot.test.context.SpringBootTestContextBootstrapper - Using TestExecutionListeners: [org.springframework.test.context.web.ServletTestExecutionListener@7d1cfb8b, org.springframework.test.context.support.DirtiesContextBeforeModesTestExecutionListener@48e92c5c, org.springframework.test.context.event.ApplicationEventsTestExecutionListener@2e1ef60, org.springframework.boot.test.mock.mockito.MockitoTestExecutionListener@22356acd, org.springframework.boot.test.autoconfigure.SpringBootDependencyInjectionTestExecutionListener@386f0da3, org.springframework.test.context.support.DirtiesContextTestExecutionListener@39655d3e, org.springframework.test.context.transaction.TransactionalTestExecutionListener@34f22f9d, org.springframework.test.context.jdbc.SqlScriptsTestExecutionListener@3d1848cc, org.springframework.test.context.event.EventPublishingTestExecutionListener@7dda48d9, org.springframework.boot.test.autoconfigure.restdocs.RestDocsTestExecutionListener@6e4566f1, org.springframework.boot.test.autoconfigure.web.client.MockRestServiceServerResetTestExecutionListener@4b6e2263, org.springframework.boot.test.autoconfigure.web.servlet.MockMvcPrintOnlyOnFailureTestExecutionListener@344f4dea, org.springframework.boot.test.autoconfigure.web.servlet.WebDriverTestExecutionListener@1b7c473a, org.springframework.boot.test.autoconfigure.webservices.client.MockWebServiceServerTestExecutionListener@5e4bd84a, org.springframework.boot.test.mock.mockito.ResetMocksTestExecutionListener@648c94da]
15:59:17.170 [Test worker] DEBUG org.springframework.test.context.support.AbstractDirtiesContextTestExecutionListener - Before test class: context [DefaultTestContext@2ea6e30c testClass = BoardTest, testInstance = [null], testMethod = [null], testException = [null], mergedContextConfiguration = [WebMergedContextConfiguration@6138e79a testClass = BoardTest, locations = '{}', classes = '{class com.example.demo.DemoServiceApplication}', contextInitializerClasses = '[]', activeProfiles = '{}', propertySourceLocations = '{}', propertySourceProperties = '{org.springframework.boot.test.context.SpringBootTestContextBootstrapper=true, server.port=0}', contextCustomizers = set[org.springframework.boot.test.autoconfigure.actuate.metrics.MetricsExportContextCustomizerFactory$DisableMetricExportContextCustomizer@6c4906d3, org.springframework.boot.test.autoconfigure.properties.PropertyMappingContextCustomizer@0, org.springframework.boot.test.autoconfigure.web.servlet.WebDriverContextCustomizerFactory$Customizer@5745ca0e, org.springframework.boot.test.context.filter.ExcludeFilterContextCustomizer@15a34df2, org.springframework.boot.test.json.DuplicateJsonObjectContextCustomizerFactory$DuplicateJsonObjectContextCustomizer@55cb6996, org.springframework.boot.test.mock.mockito.MockitoContextCustomizer@0, org.springframework.boot.test.web.client.TestRestTemplateContextCustomizer@4d14b6c2, org.springframework.boot.test.context.SpringBootTestArgs@1, org.springframework.boot.test.context.SpringBootTestWebEnvironment@d4342c2], resourceBasePath = 'src/main/webapp', contextLoader = 'org.springframework.boot.test.context.SpringBootContextLoader', parent = [null]], attributes = map['org.springframework.test.context.web.ServletTestExecutionListener.activateListener' -> false]], class annotated with @DirtiesContext [false] with mode [null].
15:59:17.181 [Test worker] DEBUG org.springframework.test.context.support.DependencyInjectionTestExecutionListener - Performing dependency injection for test context [[DefaultTestContext@2ea6e30c testClass = BoardTest, testInstance = com.example.demo.BoardTest@134d26af, testMethod = [null], testException = [null], mergedContextConfiguration = [WebMergedContextConfiguration@6138e79a testClass = BoardTest, locations = '{}', classes = '{class com.example.demo.DemoServiceApplication}', contextInitializerClasses = '[]', activeProfiles = '{}', propertySourceLocations = '{}', propertySourceProperties = '{org.springframework.boot.test.context.SpringBootTestContextBootstrapper=true, server.port=0}', contextCustomizers = set[org.springframework.boot.test.autoconfigure.actuate.metrics.MetricsExportContextCustomizerFactory$DisableMetricExportContextCustomizer@6c4906d3, org.springframework.boot.test.autoconfigure.properties.PropertyMappingContextCustomizer@0, org.springframework.boot.test.autoconfigure.web.servlet.WebDriverContextCustomizerFactory$Customizer@5745ca0e, org.springframework.boot.test.context.filter.ExcludeFilterContextCustomizer@15a34df2, org.springframework.boot.test.json.DuplicateJsonObjectContextCustomizerFactory$DuplicateJsonObjectContextCustomizer@55cb6996, org.springframework.boot.test.mock.mockito.MockitoContextCustomizer@0, org.springframework.boot.test.web.client.TestRestTemplateContextCustomizer@4d14b6c2, org.springframework.boot.test.context.SpringBootTestArgs@1, org.springframework.boot.test.context.SpringBootTestWebEnvironment@d4342c2], resourceBasePath = 'src/main/webapp', contextLoader = 'org.springframework.boot.test.context.SpringBootContextLoader', parent = [null]], attributes = map['org.springframework.test.context.web.ServletTestExecutionListener.activateListener' -> false, 'org.springframework.test.context.event.ApplicationEventsTestExecutionListener.recordApplicationEvents' -> false]]].

  .   ____          _            __ _ _
 /\\ / ___'_ __ _ _(_)_ __  __ _ \ \ \ \
( ( )\___ | '_ | '_| | '_ \/ _` | \ \ \ \
 \\/  ___)| |_)| | | | | || (_| |  ) ) ) )
  '  |____| .__|_| |_|_| |_\__, | / / / /
 =========|_|==============|___/=/_/_/_/
 :: Spring Boot ::       (v2.7.2-SNAPSHOT)

2022-07-29 15:59:17.487  INFO 12976 --- [    Test worker] com.example.demo.BoardTest               : Starting BoardTest using Java 1.8.0_332 on DESKTOP-JV52KDS with PID 12976 (started by DESKTOP-03 in C:\Users\DESKTOP-03\OneDrive\문서\Board\demo\demo.service)
2022-07-29 15:59:17.488  INFO 12976 --- [    Test worker] com.example.demo.BoardTest               : No active profile set, falling back to 1 default profile: "default"
2022-07-29 15:59:18.037  INFO 12976 --- [    Test worker] .s.d.r.c.RepositoryConfigurationDelegate : Bootstrapping Spring Data JPA repositories in DEFAULT mode.
2022-07-29 15:59:18.116  INFO 12976 --- [    Test worker] .s.d.r.c.RepositoryConfigurationDelegate : Finished Spring Data repository scanning in 71 ms. Found 3 JPA repository interfaces.
2022-07-29 15:59:18.821  INFO 12976 --- [    Test worker] o.s.b.w.embedded.tomcat.TomcatWebServer  : Tomcat initialized with port(s): 0 (http)
2022-07-29 15:59:18.833  INFO 12976 --- [    Test worker] o.apache.catalina.core.StandardService   : Starting service [Tomcat]
2022-07-29 15:59:18.834  INFO 12976 --- [    Test worker] org.apache.catalina.core.StandardEngine  : Starting Servlet engine: [Apache Tomcat/9.0.65]
2022-07-29 15:59:19.104  INFO 12976 --- [    Test worker] org.apache.jasper.servlet.TldScanner     : At least one JAR was scanned for TLDs yet contained no TLDs. Enable debug logging for this logger for a complete list of JARs that were scanned but no TLDs were found in them. Skipping unneeded JARs during scanning can improve startup time and JSP compilation time.
2022-07-29 15:59:19.109  INFO 12976 --- [    Test worker] o.a.c.c.C.[Tomcat].[localhost].[/]       : Initializing Spring embedded WebApplicationContext
2022-07-29 15:59:19.110  INFO 12976 --- [    Test worker] w.s.c.ServletWebServerApplicationContext : Root WebApplicationContext: initialization completed in 1602 ms
2022-07-29 15:59:19.382  INFO 12976 --- [    Test worker] o.hibernate.jpa.internal.util.LogHelper  : HHH000204: Processing PersistenceUnitInfo [name: default]
2022-07-29 15:59:19.448  INFO 12976 --- [    Test worker] org.hibernate.Version                    : HHH000412: Hibernate ORM core version 5.6.10.Final
2022-07-29 15:59:19.648  INFO 12976 --- [    Test worker] o.hibernate.annotations.common.Version   : HCANN000001: Hibernate Commons Annotations {5.1.2.Final}
2022-07-29 15:59:19.766  INFO 12976 --- [    Test worker] com.zaxxer.hikari.HikariDataSource       : HikariPool-1 - Starting...
2022-07-29 15:59:19.920  INFO 12976 --- [    Test worker] com.zaxxer.hikari.HikariDataSource       : HikariPool-1 - Start completed.
2022-07-29 15:59:19.937  INFO 12976 --- [    Test worker] org.hibernate.dialect.Dialect            : HHH000400: Using dialect: org.hibernate.dialect.MySQL5InnoDBDialect
Hibernate: alter table `comment` drop foreign key `FKqf9xb1w53v8y6hshq62aah3ob`
Hibernate: drop table if exists `board`
Hibernate: drop table if exists `comment`
Hibernate: drop table if exists `users`
Hibernate: drop table if exists `hibernate_sequence`
Hibernate: create table `board` (`id` bigint not null, `created_at` datetime, `modified_at` datetime, `content` varchar(255), `title` varchar(255), `writer` varchar(255), primary key (`id`)) engine=InnoDB
Hibernate: create table `comment` (`id` bigint not null, `reply` varchar(255), `reply_writer` varchar(255), `post_id` bigint, primary key (`id`)) engine=InnoDB
Hibernate: create table `users` (`id` bigint not null, `nick_name` varchar(255), `password` varchar(255), `user_name` varchar(255), primary key (`id`)) engine=InnoDB
Hibernate: create table `hibernate_sequence` (`next_val` bigint) engine=InnoDB
Hibernate: insert into `hibernate_sequence` values ( 1 )
Hibernate: alter table `comment` add constraint `FKqf9xb1w53v8y6hshq62aah3ob` foreign key (`post_id`) references `board` (`id`)
2022-07-29 15:59:20.719  INFO 12976 --- [    Test worker] o.h.e.t.j.p.i.JtaPlatformInitiator       : HHH000490: Using JtaPlatform implementation: [org.hibernate.engine.transaction.jta.platform.internal.NoJtaPlatform]
2022-07-29 15:59:20.729  INFO 12976 --- [    Test worker] j.LocalContainerEntityManagerFactoryBean : Initialized JPA EntityManagerFactory for persistence unit 'default'
2022-07-29 15:59:21.294  WARN 12976 --- [    Test worker] JpaBaseConfiguration$JpaWebConfiguration : spring.jpa.open-in-view is enabled by default. Therefore, database queries may be performed during view rendering. Explicitly configure spring.jpa.open-in-view to disable this warning
2022-07-29 15:59:22.068  INFO 12976 --- [    Test worker] o.s.b.w.embedded.tomcat.TomcatWebServer  : Tomcat started on port(s): 60913 (http) with context path ''
2022-07-29 15:59:22.076  INFO 12976 --- [    Test worker] com.example.demo.BoardTest               : Started BoardTest in 4.869 seconds (JVM running for 5.983)
Hibernate: select `next_val` as id_val from `hibernate_sequence` for update
Hibernate: update `hibernate_sequence` set `next_val`= ? where `next_val`=?
Hibernate: insert into `board` (`created_at`, `modified_at`, `content`, `title`, `writer`, `id`) values (?, ?, ?, ?, ?, ?)
Hibernate: select board0_.`id` as id1_0_, board0_.`created_at` as created_2_0_, board0_.`modified_at` as modified3_0_, board0_.`content` as content4_0_, board0_.`title` as title5_0_, board0_.`writer` as writer6_0_ from `board` board0_ where board0_.`writer`=?
Hibernate: select board0_.`id` as id1_0_0_, board0_.`created_at` as created_2_0_0_, board0_.`modified_at` as modified3_0_0_, board0_.`content` as content4_0_0_, board0_.`title` as title5_0_0_, board0_.`writer` as writer6_0_0_ from `board` board0_ where board0_.`id`=?
Hibernate: update `board` set `created_at`=?, `modified_at`=?, `content`=?, `title`=?, `writer`=? where `id`=?
Hibernate: select board0_.`id` as id1_0_0_, board0_.`created_at` as created_2_0_0_, board0_.`modified_at` as modified3_0_0_, board0_.`content` as content4_0_0_, board0_.`title` as title5_0_0_, board0_.`writer` as writer6_0_0_ from `board` board0_ where board0_.`id`=?
]]></system-out>
  <system-err><![CDATA[]]></system-err>
</testsuite>
