<?xml version="1.0" encoding="UTF-8"?>
<testsuite name="Bad Test" tests="1" skipped="0" failures="0" errors="0" timestamp="2022-07-29T07:21:50" hostname="DESKTOP-JV52KDS" time="0.006">
  <properties/>
  <testcase name="저장- 제목 없음" classname="com.example.demo.CommentTest$wrong" time="0.006"/>
  <system-out><![CDATA[2022-07-29 16:21:50.964  INFO 19792 --- [    Test worker] .b.t.c.SpringBootTestContextBootstrapper : Neither @ContextConfiguration nor @ContextHierarchy found for test class [com.example.demo.CommentTest$wrong], using SpringBootContextLoader
2022-07-29 16:21:50.965  INFO 19792 --- [    Test worker] o.s.t.c.support.AbstractContextLoader    : Could not detect default resource locations for test class [com.example.demo.CommentTest$wrong]: no resource found for suffixes {-context.xml, Context.groovy}.
2022-07-29 16:21:50.965  INFO 19792 --- [    Test worker] t.c.s.AnnotationConfigContextLoaderUtils : Could not detect default configuration classes for test class [com.example.demo.CommentTest$wrong]: wrong does not declare any static, non-private, non-final, nested classes annotated with @Configuration.
2022-07-29 16:21:50.967  INFO 19792 --- [    Test worker] .b.t.c.SpringBootTestContextBootstrapper : Found @SpringBootConfiguration com.example.demo.DemoApplication for test class com.example.demo.CommentTest$wrong
2022-07-29 16:21:50.969  INFO 19792 --- [    Test worker] .b.t.c.SpringBootTestContextBootstrapper : Loaded default TestExecutionListener class names from location [META-INF/spring.factories]: [org.springframework.boot.test.autoconfigure.restdocs.RestDocsTestExecutionListener, org.springframework.boot.test.autoconfigure.web.client.MockRestServiceServerResetTestExecutionListener, org.springframework.boot.test.autoconfigure.web.servlet.MockMvcPrintOnlyOnFailureTestExecutionListener, org.springframework.boot.test.autoconfigure.web.servlet.WebDriverTestExecutionListener, org.springframework.boot.test.autoconfigure.webservices.client.MockWebServiceServerTestExecutionListener, org.springframework.boot.test.mock.mockito.MockitoTestExecutionListener, org.springframework.boot.test.mock.mockito.ResetMocksTestExecutionListener, org.springframework.test.context.web.ServletTestExecutionListener, org.springframework.test.context.support.DirtiesContextBeforeModesTestExecutionListener, org.springframework.test.context.event.ApplicationEventsTestExecutionListener, org.springframework.test.context.support.DependencyInjectionTestExecutionListener, org.springframework.test.context.support.DirtiesContextTestExecutionListener, org.springframework.test.context.transaction.TransactionalTestExecutionListener, org.springframework.test.context.jdbc.SqlScriptsTestExecutionListener, org.springframework.test.context.event.EventPublishingTestExecutionListener]
2022-07-29 16:21:50.969  INFO 19792 --- [    Test worker] .b.t.c.SpringBootTestContextBootstrapper : Using TestExecutionListeners: [org.springframework.test.context.web.ServletTestExecutionListener@3a239dac, org.springframework.test.context.support.DirtiesContextBeforeModesTestExecutionListener@759f45f1, org.springframework.test.context.event.ApplicationEventsTestExecutionListener@2573b149, org.springframework.boot.test.mock.mockito.MockitoTestExecutionListener@1479ed5a, org.springframework.boot.test.autoconfigure.SpringBootDependencyInjectionTestExecutionListener@3211cc84, org.springframework.test.context.support.DirtiesContextTestExecutionListener@3d2eb7fa, org.springframework.test.context.transaction.TransactionalTestExecutionListener@56fa0ef, org.springframework.test.context.jdbc.SqlScriptsTestExecutionListener@5e278e25, org.springframework.test.context.event.EventPublishingTestExecutionListener@62ee1c89, org.springframework.boot.test.autoconfigure.restdocs.RestDocsTestExecutionListener@2ab7f649, org.springframework.boot.test.autoconfigure.web.client.MockRestServiceServerResetTestExecutionListener@52a74328, org.springframework.boot.test.autoconfigure.web.servlet.MockMvcPrintOnlyOnFailureTestExecutionListener@3093b9ff, org.springframework.boot.test.autoconfigure.web.servlet.WebDriverTestExecutionListener@220be130, org.springframework.boot.test.autoconfigure.webservices.client.MockWebServiceServerTestExecutionListener@379b4e86, org.springframework.boot.test.mock.mockito.ResetMocksTestExecutionListener@5f4df55e]
Hibernate: select board0_.`id` as id1_0_0_, board0_.`created_at` as created_2_0_0_, board0_.`modified_at` as modified3_0_0_, board0_.`content` as content4_0_0_, board0_.`title` as title5_0_0_, board0_.`writer` as writer6_0_0_ from `board` board0_ where board0_.`id`=?
]]></system-out>
  <system-err><![CDATA[]]></system-err>
</testsuite>
