<?xml version="1.0" encoding="UTF-8"?>
<testsuite name="회원가입 오류" tests="7" skipped="0" failures="0" errors="0" timestamp="2022-07-29T06:59:23" hostname="DESKTOP-JV52KDS" time="0.056">
  <properties/>
  <testcase name="중복된 아이디" classname="com.example.demo.UserTest$wrong$signup" time="0.008"/>
  <testcase name="잘못된 형식의 아이디" classname="com.example.demo.UserTest$wrong$signup" time="0.008"/>
  <testcase name="아이디가 포함된 비밀번호" classname="com.example.demo.UserTest$wrong$signup" time="0.008"/>
  <testcase name="비밀번호 4자 이하" classname="com.example.demo.UserTest$wrong$signup" time="0.006"/>
  <testcase name="중복된 비밀번호" classname="com.example.demo.UserTest$wrong$signup" time="0.007"/>
  <testcase name="아이디 4자 이하" classname="com.example.demo.UserTest$wrong$signup" time="0.006"/>
  <testcase name="비밀번호 불일치" classname="com.example.demo.UserTest$wrong$signup" time="0.007"/>
  <system-out><![CDATA[2022-07-29 15:59:23.737  INFO 12976 --- [    Test worker] .b.t.c.SpringBootTestContextBootstrapper : Neither @ContextConfiguration nor @ContextHierarchy found for test class [com.example.demo.UserTest$wrong$signup], using SpringBootContextLoader
2022-07-29 15:59:23.738  INFO 12976 --- [    Test worker] o.s.t.c.support.AbstractContextLoader    : Could not detect default resource locations for test class [com.example.demo.UserTest$wrong$signup]: no resource found for suffixes {-context.xml, Context.groovy}.
2022-07-29 15:59:23.738  INFO 12976 --- [    Test worker] t.c.s.AnnotationConfigContextLoaderUtils : Could not detect default configuration classes for test class [com.example.demo.UserTest$wrong$signup]: signup does not declare any static, non-private, non-final, nested classes annotated with @Configuration.
2022-07-29 15:59:23.740  INFO 12976 --- [    Test worker] .b.t.c.SpringBootTestContextBootstrapper : Found @SpringBootConfiguration com.example.demo.DemoServiceApplication for test class com.example.demo.UserTest$wrong$signup
2022-07-29 15:59:23.742  INFO 12976 --- [    Test worker] .b.t.c.SpringBootTestContextBootstrapper : Loaded default TestExecutionListener class names from location [META-INF/spring.factories]: [org.springframework.boot.test.autoconfigure.restdocs.RestDocsTestExecutionListener, org.springframework.boot.test.autoconfigure.web.client.MockRestServiceServerResetTestExecutionListener, org.springframework.boot.test.autoconfigure.web.servlet.MockMvcPrintOnlyOnFailureTestExecutionListener, org.springframework.boot.test.autoconfigure.web.servlet.WebDriverTestExecutionListener, org.springframework.boot.test.autoconfigure.webservices.client.MockWebServiceServerTestExecutionListener, org.springframework.boot.test.mock.mockito.MockitoTestExecutionListener, org.springframework.boot.test.mock.mockito.ResetMocksTestExecutionListener, org.springframework.test.context.web.ServletTestExecutionListener, org.springframework.test.context.support.DirtiesContextBeforeModesTestExecutionListener, org.springframework.test.context.event.ApplicationEventsTestExecutionListener, org.springframework.test.context.support.DependencyInjectionTestExecutionListener, org.springframework.test.context.support.DirtiesContextTestExecutionListener, org.springframework.test.context.transaction.TransactionalTestExecutionListener, org.springframework.test.context.jdbc.SqlScriptsTestExecutionListener, org.springframework.test.context.event.EventPublishingTestExecutionListener]
2022-07-29 15:59:23.742  INFO 12976 --- [    Test worker] .b.t.c.SpringBootTestContextBootstrapper : Using TestExecutionListeners: [org.springframework.test.context.web.ServletTestExecutionListener@2e2cd42c, org.springframework.test.context.support.DirtiesContextBeforeModesTestExecutionListener@1cdad619, org.springframework.test.context.event.ApplicationEventsTestExecutionListener@319058ce, org.springframework.boot.test.mock.mockito.MockitoTestExecutionListener@3909308c, org.springframework.boot.test.autoconfigure.SpringBootDependencyInjectionTestExecutionListener@71cc0e35, org.springframework.test.context.support.DirtiesContextTestExecutionListener@3b6c740b, org.springframework.test.context.transaction.TransactionalTestExecutionListener@8091d80, org.springframework.test.context.jdbc.SqlScriptsTestExecutionListener@78f4d15d, org.springframework.test.context.event.EventPublishingTestExecutionListener@6958d5d0, org.springframework.boot.test.autoconfigure.restdocs.RestDocsTestExecutionListener@314c28dc, org.springframework.boot.test.autoconfigure.web.client.MockRestServiceServerResetTestExecutionListener@7169d668, org.springframework.boot.test.autoconfigure.web.servlet.MockMvcPrintOnlyOnFailureTestExecutionListener@2f498f21, org.springframework.boot.test.autoconfigure.web.servlet.WebDriverTestExecutionListener@90394d, org.springframework.boot.test.autoconfigure.webservices.client.MockWebServiceServerTestExecutionListener@50caeb4b, org.springframework.boot.test.mock.mockito.ResetMocksTestExecutionListener@6fafbdac]
Hibernate: select user0_.`id` as id1_2_, user0_.`nick_name` as nick_nam2_2_, user0_.`password` as password3_2_, user0_.`user_name` as user_nam4_2_ from `users` user0_ where user0_.`nick_name`=?
Hibernate: select user0_.`id` as id1_2_, user0_.`nick_name` as nick_nam2_2_, user0_.`password` as password3_2_, user0_.`user_name` as user_nam4_2_ from `users` user0_ where user0_.`password`=?
Hibernate: select user0_.`id` as id1_2_, user0_.`nick_name` as nick_nam2_2_, user0_.`password` as password3_2_, user0_.`user_name` as user_nam4_2_ from `users` user0_ where user0_.`nick_name`=?
Hibernate: select user0_.`id` as id1_2_, user0_.`nick_name` as nick_nam2_2_, user0_.`password` as password3_2_, user0_.`user_name` as user_nam4_2_ from `users` user0_ where user0_.`password`=?
Hibernate: select user0_.`id` as id1_2_, user0_.`nick_name` as nick_nam2_2_, user0_.`password` as password3_2_, user0_.`user_name` as user_nam4_2_ from `users` user0_ where user0_.`nick_name`=?
Hibernate: select user0_.`id` as id1_2_, user0_.`nick_name` as nick_nam2_2_, user0_.`password` as password3_2_, user0_.`user_name` as user_nam4_2_ from `users` user0_ where user0_.`password`=?
Hibernate: select user0_.`id` as id1_2_, user0_.`nick_name` as nick_nam2_2_, user0_.`password` as password3_2_, user0_.`user_name` as user_nam4_2_ from `users` user0_ where user0_.`nick_name`=?
Hibernate: select user0_.`id` as id1_2_, user0_.`nick_name` as nick_nam2_2_, user0_.`password` as password3_2_, user0_.`user_name` as user_nam4_2_ from `users` user0_ where user0_.`password`=?
Hibernate: select user0_.`id` as id1_2_, user0_.`nick_name` as nick_nam2_2_, user0_.`password` as password3_2_, user0_.`user_name` as user_nam4_2_ from `users` user0_ where user0_.`nick_name`=?
Hibernate: select user0_.`id` as id1_2_, user0_.`nick_name` as nick_nam2_2_, user0_.`password` as password3_2_, user0_.`user_name` as user_nam4_2_ from `users` user0_ where user0_.`password`=?
Hibernate: select user0_.`id` as id1_2_, user0_.`nick_name` as nick_nam2_2_, user0_.`password` as password3_2_, user0_.`user_name` as user_nam4_2_ from `users` user0_ where user0_.`nick_name`=?
Hibernate: select user0_.`id` as id1_2_, user0_.`nick_name` as nick_nam2_2_, user0_.`password` as password3_2_, user0_.`user_name` as user_nam4_2_ from `users` user0_ where user0_.`password`=?
Hibernate: select user0_.`id` as id1_2_, user0_.`nick_name` as nick_nam2_2_, user0_.`password` as password3_2_, user0_.`user_name` as user_nam4_2_ from `users` user0_ where user0_.`nick_name`=?
Hibernate: select user0_.`id` as id1_2_, user0_.`nick_name` as nick_nam2_2_, user0_.`password` as password3_2_, user0_.`user_name` as user_nam4_2_ from `users` user0_ where user0_.`password`=?
]]></system-out>
  <system-err><![CDATA[]]></system-err>
</testsuite>
