<?xml version="1.0" encoding="UTF-8"?>
<testsuite name="com.example.demo.CommentTest" tests="1" skipped="0" failures="0" errors="0" timestamp="2022-07-29T06:59:22" hostname="DESKTOP-JV52KDS" time="0.031">
  <properties/>
  <testcase name="댓글 저장" classname="com.example.demo.CommentTest" time="0.031"/>
  <system-out><![CDATA[2022-07-29 15:59:22.520  INFO 12976 --- [    Test worker] .b.t.c.SpringBootTestContextBootstrapper : Neither @ContextConfiguration nor @ContextHierarchy found for test class [com.example.demo.CommentTest], using SpringBootContextLoader
2022-07-29 15:59:22.520  INFO 12976 --- [    Test worker] o.s.t.c.support.AbstractContextLoader    : Could not detect default resource locations for test class [com.example.demo.CommentTest]: no resource found for suffixes {-context.xml, Context.groovy}.
2022-07-29 15:59:22.521  INFO 12976 --- [    Test worker] t.c.s.AnnotationConfigContextLoaderUtils : Could not detect default configuration classes for test class [com.example.demo.CommentTest]: CommentTest does not declare any static, non-private, non-final, nested classes annotated with @Configuration.
2022-07-29 15:59:22.522  INFO 12976 --- [    Test worker] .b.t.c.SpringBootTestContextBootstrapper : Found @SpringBootConfiguration com.example.demo.DemoServiceApplication for test class com.example.demo.CommentTest
2022-07-29 15:59:22.523  INFO 12976 --- [    Test worker] .b.t.c.SpringBootTestContextBootstrapper : Loaded default TestExecutionListener class names from location [META-INF/spring.factories]: [org.springframework.boot.test.autoconfigure.restdocs.RestDocsTestExecutionListener, org.springframework.boot.test.autoconfigure.web.client.MockRestServiceServerResetTestExecutionListener, org.springframework.boot.test.autoconfigure.web.servlet.MockMvcPrintOnlyOnFailureTestExecutionListener, org.springframework.boot.test.autoconfigure.web.servlet.WebDriverTestExecutionListener, org.springframework.boot.test.autoconfigure.webservices.client.MockWebServiceServerTestExecutionListener, org.springframework.boot.test.mock.mockito.MockitoTestExecutionListener, org.springframework.boot.test.mock.mockito.ResetMocksTestExecutionListener, org.springframework.test.context.web.ServletTestExecutionListener, org.springframework.test.context.support.DirtiesContextBeforeModesTestExecutionListener, org.springframework.test.context.event.ApplicationEventsTestExecutionListener, org.springframework.test.context.support.DependencyInjectionTestExecutionListener, org.springframework.test.context.support.DirtiesContextTestExecutionListener, org.springframework.test.context.transaction.TransactionalTestExecutionListener, org.springframework.test.context.jdbc.SqlScriptsTestExecutionListener, org.springframework.test.context.event.EventPublishingTestExecutionListener]
2022-07-29 15:59:22.523  INFO 12976 --- [    Test worker] .b.t.c.SpringBootTestContextBootstrapper : Using TestExecutionListeners: [org.springframework.test.context.web.ServletTestExecutionListener@3a5e4f32, org.springframework.test.context.support.DirtiesContextBeforeModesTestExecutionListener@2b0494a8, org.springframework.test.context.event.ApplicationEventsTestExecutionListener@17c34e62, org.springframework.boot.test.mock.mockito.MockitoTestExecutionListener@239d73ff, org.springframework.boot.test.autoconfigure.SpringBootDependencyInjectionTestExecutionListener@6bf28f61, org.springframework.test.context.support.DirtiesContextTestExecutionListener@64dcf763, org.springframework.test.context.transaction.TransactionalTestExecutionListener@696105c4, org.springframework.test.context.jdbc.SqlScriptsTestExecutionListener@21ab919c, org.springframework.test.context.event.EventPublishingTestExecutionListener@5edd9b4f, org.springframework.boot.test.autoconfigure.restdocs.RestDocsTestExecutionListener@5db90818, org.springframework.boot.test.autoconfigure.web.client.MockRestServiceServerResetTestExecutionListener@3c17794e, org.springframework.boot.test.autoconfigure.web.servlet.MockMvcPrintOnlyOnFailureTestExecutionListener@414d2821, org.springframework.boot.test.autoconfigure.web.servlet.WebDriverTestExecutionListener@7378c4a4, org.springframework.boot.test.autoconfigure.webservices.client.MockWebServiceServerTestExecutionListener@6694fb1b, org.springframework.boot.test.mock.mockito.ResetMocksTestExecutionListener@61ce238e]
Hibernate: select `next_val` as id_val from `hibernate_sequence` for update
Hibernate: update `hibernate_sequence` set `next_val`= ? where `next_val`=?
Hibernate: insert into `board` (`created_at`, `modified_at`, `content`, `title`, `writer`, `id`) values (?, ?, ?, ?, ?, ?)
Hibernate: select board0_.`id` as id1_0_, board0_.`created_at` as created_2_0_, board0_.`modified_at` as modified3_0_, board0_.`content` as content4_0_, board0_.`title` as title5_0_, board0_.`writer` as writer6_0_ from `board` board0_
1
Hibernate: select board0_.`id` as id1_0_0_, board0_.`created_at` as created_2_0_0_, board0_.`modified_at` as modified3_0_0_, board0_.`content` as content4_0_0_, board0_.`title` as title5_0_0_, board0_.`writer` as writer6_0_0_ from `board` board0_ where board0_.`id`=?
Hibernate: select `next_val` as id_val from `hibernate_sequence` for update
Hibernate: update `hibernate_sequence` set `next_val`= ? where `next_val`=?
Hibernate: insert into `comment` (`post_id`, `reply`, `reply_writer`, `id`) values (?, ?, ?, ?)
Hibernate: select comment0_.`id` as id1_1_, comment0_.`post_id` as post_id4_1_, comment0_.`reply` as reply2_1_, comment0_.`reply_writer` as reply_wr3_1_ from `comment` comment0_
Hibernate: select board0_.`id` as id1_0_0_, board0_.`created_at` as created_2_0_0_, board0_.`modified_at` as modified3_0_0_, board0_.`content` as content4_0_0_, board0_.`title` as title5_0_0_, board0_.`writer` as writer6_0_0_ from `board` board0_ where board0_.`id`=?
]]></system-out>
  <system-err><![CDATA[]]></system-err>
</testsuite>
