<?xml version="1.0" encoding="UTF-8"?>
<testsuite name="com.example.demo.UserTest" tests="2" skipped="0" failures="0" errors="0" timestamp="2022-07-29T06:59:23" hostname="DESKTOP-JV52KDS" time="0.047">
  <properties/>
  <testcase name="회원가입" classname="com.example.demo.UserTest" time="0.038"/>
  <testcase name="로그인" classname="com.example.demo.UserTest" time="0.008"/>
  <system-out><![CDATA[2022-07-29 15:59:23.643  INFO 12976 --- [    Test worker] .b.t.c.SpringBootTestContextBootstrapper : Neither @ContextConfiguration nor @ContextHierarchy found for test class [com.example.demo.UserTest], using SpringBootContextLoader
2022-07-29 15:59:23.644  INFO 12976 --- [    Test worker] o.s.t.c.support.AbstractContextLoader    : Could not detect default resource locations for test class [com.example.demo.UserTest]: no resource found for suffixes {-context.xml, Context.groovy}.
2022-07-29 15:59:23.644  INFO 12976 --- [    Test worker] t.c.s.AnnotationConfigContextLoaderUtils : Could not detect default configuration classes for test class [com.example.demo.UserTest]: UserTest does not declare any static, non-private, non-final, nested classes annotated with @Configuration.
2022-07-29 15:59:23.646  INFO 12976 --- [    Test worker] .b.t.c.SpringBootTestContextBootstrapper : Found @SpringBootConfiguration com.example.demo.DemoServiceApplication for test class com.example.demo.UserTest
2022-07-29 15:59:23.648  INFO 12976 --- [    Test worker] .b.t.c.SpringBootTestContextBootstrapper : Loaded default TestExecutionListener class names from location [META-INF/spring.factories]: [org.springframework.boot.test.autoconfigure.restdocs.RestDocsTestExecutionListener, org.springframework.boot.test.autoconfigure.web.client.MockRestServiceServerResetTestExecutionListener, org.springframework.boot.test.autoconfigure.web.servlet.MockMvcPrintOnlyOnFailureTestExecutionListener, org.springframework.boot.test.autoconfigure.web.servlet.WebDriverTestExecutionListener, org.springframework.boot.test.autoconfigure.webservices.client.MockWebServiceServerTestExecutionListener, org.springframework.boot.test.mock.mockito.MockitoTestExecutionListener, org.springframework.boot.test.mock.mockito.ResetMocksTestExecutionListener, org.springframework.test.context.web.ServletTestExecutionListener, org.springframework.test.context.support.DirtiesContextBeforeModesTestExecutionListener, org.springframework.test.context.event.ApplicationEventsTestExecutionListener, org.springframework.test.context.support.DependencyInjectionTestExecutionListener, org.springframework.test.context.support.DirtiesContextTestExecutionListener, org.springframework.test.context.transaction.TransactionalTestExecutionListener, org.springframework.test.context.jdbc.SqlScriptsTestExecutionListener, org.springframework.test.context.event.EventPublishingTestExecutionListener]
2022-07-29 15:59:23.648  INFO 12976 --- [    Test worker] .b.t.c.SpringBootTestContextBootstrapper : Using TestExecutionListeners: [org.springframework.test.context.web.ServletTestExecutionListener@630c3af3, org.springframework.test.context.support.DirtiesContextBeforeModesTestExecutionListener@2e40ea48, org.springframework.test.context.event.ApplicationEventsTestExecutionListener@5cba474f, org.springframework.boot.test.mock.mockito.MockitoTestExecutionListener@291028d7, org.springframework.boot.test.autoconfigure.SpringBootDependencyInjectionTestExecutionListener@2b4954a4, org.springframework.test.context.support.DirtiesContextTestExecutionListener@2f2f92f, org.springframework.test.context.transaction.TransactionalTestExecutionListener@cfc4601, org.springframework.test.context.jdbc.SqlScriptsTestExecutionListener@240291d9, org.springframework.test.context.event.EventPublishingTestExecutionListener@450f0d89, org.springframework.boot.test.autoconfigure.restdocs.RestDocsTestExecutionListener@50a1af86, org.springframework.boot.test.autoconfigure.web.client.MockRestServiceServerResetTestExecutionListener@3e0327dd, org.springframework.boot.test.autoconfigure.web.servlet.MockMvcPrintOnlyOnFailureTestExecutionListener@ebff59d, org.springframework.boot.test.autoconfigure.web.servlet.WebDriverTestExecutionListener@3361d286, org.springframework.boot.test.autoconfigure.webservices.client.MockWebServiceServerTestExecutionListener@6ee186f3, org.springframework.boot.test.mock.mockito.ResetMocksTestExecutionListener@49fb693d]
Hibernate: select user0_.`id` as id1_2_, user0_.`nick_name` as nick_nam2_2_, user0_.`password` as password3_2_, user0_.`user_name` as user_nam4_2_ from `users` user0_ where user0_.`nick_name`=?
Hibernate: select user0_.`id` as id1_2_, user0_.`nick_name` as nick_nam2_2_, user0_.`password` as password3_2_, user0_.`user_name` as user_nam4_2_ from `users` user0_ where user0_.`password`=?
Hibernate: select `next_val` as id_val from `hibernate_sequence` for update
Hibernate: update `hibernate_sequence` set `next_val`= ? where `next_val`=?
Hibernate: insert into `users` (`nick_name`, `password`, `user_name`, `id`) values (?, ?, ?, ?)
Hibernate: select user0_.`id` as id1_2_, user0_.`nick_name` as nick_nam2_2_, user0_.`password` as password3_2_, user0_.`user_name` as user_nam4_2_ from `users` user0_ where user0_.`nick_name`=? and user0_.`password`=?
Hibernate: select user0_.`id` as id1_2_, user0_.`nick_name` as nick_nam2_2_, user0_.`password` as password3_2_, user0_.`user_name` as user_nam4_2_ from `users` user0_ where user0_.`nick_name`=?
Hibernate: select user0_.`id` as id1_2_, user0_.`nick_name` as nick_nam2_2_, user0_.`password` as password3_2_, user0_.`user_name` as user_nam4_2_ from `users` user0_ where user0_.`password`=?
]]></system-out>
  <system-err><![CDATA[]]></system-err>
</testsuite>
