<?xml version="1.0" encoding="UTF-8"?>
<testsuite name="로그인 오류" tests="2" skipped="0" failures="0" errors="0" timestamp="2022-07-29T06:59:23" hostname="DESKTOP-JV52KDS" time="0.018">
  <properties/>
  <testcase name="아이디 입력 오류" classname="com.example.demo.UserTest$wrong$login" time="0.007"/>
  <testcase name="비밀번호 입력 오류" classname="com.example.demo.UserTest$wrong$login" time="0.009"/>
  <system-out><![CDATA[2022-07-29 15:59:23.708  INFO 12976 --- [    Test worker] .b.t.c.SpringBootTestContextBootstrapper : Neither @ContextConfiguration nor @ContextHierarchy found for test class [com.example.demo.UserTest$wrong$login], using SpringBootContextLoader
2022-07-29 15:59:23.709  INFO 12976 --- [    Test worker] o.s.t.c.support.AbstractContextLoader    : Could not detect default resource locations for test class [com.example.demo.UserTest$wrong$login]: no resource found for suffixes {-context.xml, Context.groovy}.
2022-07-29 15:59:23.709  INFO 12976 --- [    Test worker] t.c.s.AnnotationConfigContextLoaderUtils : Could not detect default configuration classes for test class [com.example.demo.UserTest$wrong$login]: login does not declare any static, non-private, non-final, nested classes annotated with @Configuration.
2022-07-29 15:59:23.711  INFO 12976 --- [    Test worker] .b.t.c.SpringBootTestContextBootstrapper : Found @SpringBootConfiguration com.example.demo.DemoServiceApplication for test class com.example.demo.UserTest$wrong$login
2022-07-29 15:59:23.712  INFO 12976 --- [    Test worker] .b.t.c.SpringBootTestContextBootstrapper : Loaded default TestExecutionListener class names from location [META-INF/spring.factories]: [org.springframework.boot.test.autoconfigure.restdocs.RestDocsTestExecutionListener, org.springframework.boot.test.autoconfigure.web.client.MockRestServiceServerResetTestExecutionListener, org.springframework.boot.test.autoconfigure.web.servlet.MockMvcPrintOnlyOnFailureTestExecutionListener, org.springframework.boot.test.autoconfigure.web.servlet.WebDriverTestExecutionListener, org.springframework.boot.test.autoconfigure.webservices.client.MockWebServiceServerTestExecutionListener, org.springframework.boot.test.mock.mockito.MockitoTestExecutionListener, org.springframework.boot.test.mock.mockito.ResetMocksTestExecutionListener, org.springframework.test.context.web.ServletTestExecutionListener, org.springframework.test.context.support.DirtiesContextBeforeModesTestExecutionListener, org.springframework.test.context.event.ApplicationEventsTestExecutionListener, org.springframework.test.context.support.DependencyInjectionTestExecutionListener, org.springframework.test.context.support.DirtiesContextTestExecutionListener, org.springframework.test.context.transaction.TransactionalTestExecutionListener, org.springframework.test.context.jdbc.SqlScriptsTestExecutionListener, org.springframework.test.context.event.EventPublishingTestExecutionListener]
2022-07-29 15:59:23.712  INFO 12976 --- [    Test worker] .b.t.c.SpringBootTestContextBootstrapper : Using TestExecutionListeners: [org.springframework.test.context.web.ServletTestExecutionListener@73c09a98, org.springframework.test.context.support.DirtiesContextBeforeModesTestExecutionListener@6f2bf657, org.springframework.test.context.event.ApplicationEventsTestExecutionListener@27d6467, org.springframework.boot.test.mock.mockito.MockitoTestExecutionListener@5bf1b528, org.springframework.boot.test.autoconfigure.SpringBootDependencyInjectionTestExecutionListener@2c92f094, org.springframework.test.context.support.DirtiesContextTestExecutionListener@1c3b221f, org.springframework.test.context.transaction.TransactionalTestExecutionListener@750c23a3, org.springframework.test.context.jdbc.SqlScriptsTestExecutionListener@238280df, org.springframework.test.context.event.EventPublishingTestExecutionListener@182fd26b, org.springframework.boot.test.autoconfigure.restdocs.RestDocsTestExecutionListener@5dc120ab, org.springframework.boot.test.autoconfigure.web.client.MockRestServiceServerResetTestExecutionListener@49c4118b, org.springframework.boot.test.autoconfigure.web.servlet.MockMvcPrintOnlyOnFailureTestExecutionListener@7ef7f414, org.springframework.boot.test.autoconfigure.web.servlet.WebDriverTestExecutionListener@182dcd2b, org.springframework.boot.test.autoconfigure.webservices.client.MockWebServiceServerTestExecutionListener@4c3d72fd, org.springframework.boot.test.mock.mockito.ResetMocksTestExecutionListener@259c6ab8]
Hibernate: select user0_.`id` as id1_2_, user0_.`nick_name` as nick_nam2_2_, user0_.`password` as password3_2_, user0_.`user_name` as user_nam4_2_ from `users` user0_ where user0_.`nick_name`=?
Hibernate: select user0_.`id` as id1_2_, user0_.`nick_name` as nick_nam2_2_, user0_.`password` as password3_2_, user0_.`user_name` as user_nam4_2_ from `users` user0_ where user0_.`password`=?
Hibernate: select user0_.`id` as id1_2_, user0_.`nick_name` as nick_nam2_2_, user0_.`password` as password3_2_, user0_.`user_name` as user_nam4_2_ from `users` user0_ where user0_.`nick_name`=?
Hibernate: select user0_.`id` as id1_2_, user0_.`nick_name` as nick_nam2_2_, user0_.`password` as password3_2_, user0_.`user_name` as user_nam4_2_ from `users` user0_ where user0_.`password`=?
]]></system-out>
  <system-err><![CDATA[]]></system-err>
</testsuite>
