<?xml version="1.0" encoding="UTF-8"?>
<testsuite name="Bad Test" tests="4" skipped="0" failures="0" errors="0" timestamp="2022-07-29T06:59:22" hostname="DESKTOP-JV52KDS" time="0.019">
  <properties/>
  <testcase name="수정- 제목 없음" classname="com.example.demo.BoardTest$wrong" time="0.005"/>
  <testcase name="수정- 내용 없음" classname="com.example.demo.BoardTest$wrong" time="0.003"/>
  <testcase name="저장- 내용 없음" classname="com.example.demo.BoardTest$wrong" time="0.005"/>
  <testcase name="저장- 제목 없음" classname="com.example.demo.BoardTest$wrong" time="0.003"/>
  <system-out><![CDATA[2022-07-29 15:59:22.491  INFO 12976 --- [    Test worker] .b.t.c.SpringBootTestContextBootstrapper : Neither @ContextConfiguration nor @ContextHierarchy found for test class [com.example.demo.BoardTest$wrong], using SpringBootContextLoader
2022-07-29 15:59:22.492  INFO 12976 --- [    Test worker] o.s.t.c.support.AbstractContextLoader    : Could not detect default resource locations for test class [com.example.demo.BoardTest$wrong]: no resource found for suffixes {-context.xml, Context.groovy}.
2022-07-29 15:59:22.492  INFO 12976 --- [    Test worker] t.c.s.AnnotationConfigContextLoaderUtils : Could not detect default configuration classes for test class [com.example.demo.BoardTest$wrong]: wrong does not declare any static, non-private, non-final, nested classes annotated with @Configuration.
2022-07-29 15:59:22.494  INFO 12976 --- [    Test worker] .b.t.c.SpringBootTestContextBootstrapper : Found @SpringBootConfiguration com.example.demo.DemoServiceApplication for test class com.example.demo.BoardTest$wrong
2022-07-29 15:59:22.495  INFO 12976 --- [    Test worker] .b.t.c.SpringBootTestContextBootstrapper : Loaded default TestExecutionListener class names from location [META-INF/spring.factories]: [org.springframework.boot.test.autoconfigure.restdocs.RestDocsTestExecutionListener, org.springframework.boot.test.autoconfigure.web.client.MockRestServiceServerResetTestExecutionListener, org.springframework.boot.test.autoconfigure.web.servlet.MockMvcPrintOnlyOnFailureTestExecutionListener, org.springframework.boot.test.autoconfigure.web.servlet.WebDriverTestExecutionListener, org.springframework.boot.test.autoconfigure.webservices.client.MockWebServiceServerTestExecutionListener, org.springframework.boot.test.mock.mockito.MockitoTestExecutionListener, org.springframework.boot.test.mock.mockito.ResetMocksTestExecutionListener, org.springframework.test.context.web.ServletTestExecutionListener, org.springframework.test.context.support.DirtiesContextBeforeModesTestExecutionListener, org.springframework.test.context.event.ApplicationEventsTestExecutionListener, org.springframework.test.context.support.DependencyInjectionTestExecutionListener, org.springframework.test.context.support.DirtiesContextTestExecutionListener, org.springframework.test.context.transaction.TransactionalTestExecutionListener, org.springframework.test.context.jdbc.SqlScriptsTestExecutionListener, org.springframework.test.context.event.EventPublishingTestExecutionListener]
2022-07-29 15:59:22.495  INFO 12976 --- [    Test worker] .b.t.c.SpringBootTestContextBootstrapper : Using TestExecutionListeners: [org.springframework.test.context.web.ServletTestExecutionListener@49f1184e, org.springframework.test.context.support.DirtiesContextBeforeModesTestExecutionListener@7ebaf0d, org.springframework.test.context.event.ApplicationEventsTestExecutionListener@694b1ddb, org.springframework.boot.test.mock.mockito.MockitoTestExecutionListener@5690c2a8, org.springframework.boot.test.autoconfigure.SpringBootDependencyInjectionTestExecutionListener@17e2835c, org.springframework.test.context.support.DirtiesContextTestExecutionListener@4d2bc56a, org.springframework.test.context.transaction.TransactionalTestExecutionListener@7cbfbcd1, org.springframework.test.context.jdbc.SqlScriptsTestExecutionListener@2c6aa46c, org.springframework.test.context.event.EventPublishingTestExecutionListener@2f112ade, org.springframework.boot.test.autoconfigure.restdocs.RestDocsTestExecutionListener@3c82bac3, org.springframework.boot.test.autoconfigure.web.client.MockRestServiceServerResetTestExecutionListener@3ddac0b6, org.springframework.boot.test.autoconfigure.web.servlet.MockMvcPrintOnlyOnFailureTestExecutionListener@446a5aa5, org.springframework.boot.test.autoconfigure.web.servlet.WebDriverTestExecutionListener@628bcf2c, org.springframework.boot.test.autoconfigure.webservices.client.MockWebServiceServerTestExecutionListener@4b76251c, org.springframework.boot.test.mock.mockito.ResetMocksTestExecutionListener@20c283b4]
]]></system-out>
  <system-err><![CDATA[]]></system-err>
</testsuite>
