<?xml version="1.0" encoding="UTF-8"?>
<testsuite name="오류" tests="0" skipped="0" failures="0" errors="0" timestamp="1970-01-01T00:00:00" hostname="DESKTOP-JV52KDS" time="0.0">
  <properties/>
  <system-out><![CDATA[2022-07-29 15:59:23.700  INFO 12976 --- [    Test worker] .b.t.c.SpringBootTestContextBootstrapper : Neither @ContextConfiguration nor @ContextHierarchy found for test class [com.example.demo.UserTest$wrong], using SpringBootContextLoader
2022-07-29 15:59:23.701  INFO 12976 --- [    Test worker] o.s.t.c.support.AbstractContextLoader    : Could not detect default resource locations for test class [com.example.demo.UserTest$wrong]: no resource found for suffixes {-context.xml, Context.groovy}.
2022-07-29 15:59:23.702  INFO 12976 --- [    Test worker] t.c.s.AnnotationConfigContextLoaderUtils : Could not detect default configuration classes for test class [com.example.demo.UserTest$wrong]: wrong does not declare any static, non-private, non-final, nested classes annotated with @Configuration.
2022-07-29 15:59:23.703  INFO 12976 --- [    Test worker] .b.t.c.SpringBootTestContextBootstrapper : Found @SpringBootConfiguration com.example.demo.DemoServiceApplication for test class com.example.demo.UserTest$wrong
2022-07-29 15:59:23.705  INFO 12976 --- [    Test worker] .b.t.c.SpringBootTestContextBootstrapper : Loaded default TestExecutionListener class names from location [META-INF/spring.factories]: [org.springframework.boot.test.autoconfigure.restdocs.RestDocsTestExecutionListener, org.springframework.boot.test.autoconfigure.web.client.MockRestServiceServerResetTestExecutionListener, org.springframework.boot.test.autoconfigure.web.servlet.MockMvcPrintOnlyOnFailureTestExecutionListener, org.springframework.boot.test.autoconfigure.web.servlet.WebDriverTestExecutionListener, org.springframework.boot.test.autoconfigure.webservices.client.MockWebServiceServerTestExecutionListener, org.springframework.boot.test.mock.mockito.MockitoTestExecutionListener, org.springframework.boot.test.mock.mockito.ResetMocksTestExecutionListener, org.springframework.test.context.web.ServletTestExecutionListener, org.springframework.test.context.support.DirtiesContextBeforeModesTestExecutionListener, org.springframework.test.context.event.ApplicationEventsTestExecutionListener, org.springframework.test.context.support.DependencyInjectionTestExecutionListener, org.springframework.test.context.support.DirtiesContextTestExecutionListener, org.springframework.test.context.transaction.TransactionalTestExecutionListener, org.springframework.test.context.jdbc.SqlScriptsTestExecutionListener, org.springframework.test.context.event.EventPublishingTestExecutionListener]
2022-07-29 15:59:23.706  INFO 12976 --- [    Test worker] .b.t.c.SpringBootTestContextBootstrapper : Using TestExecutionListeners: [org.springframework.test.context.web.ServletTestExecutionListener@39420d59, org.springframework.test.context.support.DirtiesContextBeforeModesTestExecutionListener@4fbbd98c, org.springframework.test.context.event.ApplicationEventsTestExecutionListener@5dd227b7, org.springframework.boot.test.mock.mockito.MockitoTestExecutionListener@3d3b852e, org.springframework.boot.test.autoconfigure.SpringBootDependencyInjectionTestExecutionListener@14ba7f15, org.springframework.test.context.support.DirtiesContextTestExecutionListener@55cb3b7, org.springframework.test.context.transaction.TransactionalTestExecutionListener@497fd334, org.springframework.test.context.jdbc.SqlScriptsTestExecutionListener@280c3dc0, org.springframework.test.context.event.EventPublishingTestExecutionListener@6f89ad03, org.springframework.boot.test.autoconfigure.restdocs.RestDocsTestExecutionListener@f287a4e, org.springframework.boot.test.autoconfigure.web.client.MockRestServiceServerResetTestExecutionListener@3879feec, org.springframework.boot.test.autoconfigure.web.servlet.MockMvcPrintOnlyOnFailureTestExecutionListener@71d2261e, org.springframework.boot.test.autoconfigure.web.servlet.WebDriverTestExecutionListener@53917c92, org.springframework.boot.test.autoconfigure.webservices.client.MockWebServiceServerTestExecutionListener@1fa796a4, org.springframework.boot.test.mock.mockito.ResetMocksTestExecutionListener@68de8522]
]]></system-out>
  <system-err><![CDATA[]]></system-err>
</testsuite>
